[2026-03-10 06:01:53] [DEBUG] DEBUG: getCustomIntegrationForProject called with tproject_id: 448287, integration_id: 9
[2026-03-10 06:01:53] [DEBUG] DEBUG: getCustomIntegrationForProject called with tproject_id: 448287, integration_id: 9
[2026-03-10 06:01:53] [DEBUG] REAL ISSUE CREATION ATTEMPT:
[2026-03-10 06:01:53] [DEBUG] Integration: OBDX - REDMINE (ID: 9)
[2026-03-10 06:01:53] [DEBUG] Project ID: 448287, Test Plan ID: 448288
[2026-03-10 06:01:53] [DEBUG] Test Case ID: 431174, Execution ID: 81650
[2026-03-10 06:01:53] [DEBUG] Summary: Test Case: /ARCHIVE/WORKING D/TESTING/ARC-989:ATM-TC105 -   2026-03-10CET05:57...
[2026-03-10 06:01:53] [DEBUG] Priority: Normal
[2026-03-10 06:01:53] [DEBUG] Passing selected integration_id to API: 9
[2026-03-10 06:01:54] [DEBUG] Added tester to data: mwaimu.mtingele
[2026-03-10 06:01:54] [DEBUG] Base URL: http://localhost:8086
[2026-03-10 06:01:54] [DEBUG] TL_ABS_PATH: C:\xampp\htdocs\tl-uat\
[2026-03-10 06:01:54] [DEBUG] Calling API: http://localhost:8086/lib/execute/custom_bugtrack_integrator_simple.php?action=create_issue
[2026-03-10 06:01:54] [DEBUG] Data: {"tproject_id":448287,"tplan_id":448288,"tc_id":"431174","execution_id":81650,"summary":"Test Case: \/ARCHIVE\/WORKING D\/TESTING\/ARC-989:ATM-TC105 -   2026-03-10CET05:57","description":"Function ID: STSCRDMS\r\nAction: Search\r\nTest scenario: Positive test\r\nTest Data: [\r\nTESTLINK INTEGRATION TEST\r\n]\r\nExpected result: Cards > Maintenance > Card Master Summary\r\nTest result: [\r\nTESTLINK INTEGRATION TEST\r\n]\r\n\r\nTestLink URLs:","priority":"Normal","assigned_to":2635,"integration_id":9,"tester":"mwaimu.mtingele"}
[2026-03-10 06:01:54] [DEBUG] Executing cURL request...
[2026-03-10 06:01:54] [DEBUG] cURL URL: http://localhost:8086/lib/execute/custom_bugtrack_integrator_simple.php?action=create_issue
[2026-03-10 06:01:54] [DEBUG] cURL POST data: {"tproject_id":448287,"tplan_id":448288,"tc_id":"431174","execution_id":81650,"summary":"Test Case: \/ARCHIVE\/WORKING D\/TESTING\/ARC-989:ATM-TC105 -   2026-03-10CET05:57","description":"Function ID: STSCRDMS\r\nAction: Search\r\nTest scenario: Positive test\r\nTest Data: [\r\nTESTLINK INTEGRATION TEST\r\n]\r\nExpected result: Cards > Maintenance > Card Master Summary\r\nTest result: [\r\nTESTLINK INTEGRATION TEST\r\n]\r\n\r\nTestLink URLs:","priority":"Normal","assigned_to":2635,"integration_id":9,"tester":"mwaimu.mtingele"}
[2026-03-10 06:01:54] === API Request Started ===
[2026-03-10 06:01:54] Request URI: /lib/execute/custom_bugtrack_integrator_simple.php?action=create_issue
[2026-03-10 06:01:54] Request method: POST
[2026-03-10 06:01:54] JSON input data: {"tproject_id":448287,"tplan_id":448288,"tc_id":"431174","execution_id":81650,"summary":"Test Case: \/ARCHIVE\/WORKING D\/TESTING\/ARC-989:ATM-TC105 -   2026-03-10CET05:57","description":"Function ID: STSCRDMS\r\nAction: Search\r\nTest scenario: Positive test\r\nTest Data: [\r\nTESTLINK INTEGRATION TEST\r\n]\r\nExpected result: Cards > Maintenance > Card Master Summary\r\nTest result: [\r\nTESTLINK INTEGRATION TEST\r\n]\r\n\r\nTestLink URLs:","priority":"Normal","assigned_to":2635,"integration_id":9,"tester":"mwaimu.mtingele"}
[2026-03-10 06:01:54] GET data: {"action":"create_issue"}
[2026-03-10 06:01:54] Loading config.inc.php...
[2026-03-10 06:01:54] Config loaded successfully
[2026-03-10 06:01:54] Attempting database connection to tl_uat on localhost
[2026-03-10 06:01:54] Database connection successful
[2026-03-10 06:01:54] Action: create_issue
[2026-03-10 06:01:54] Creating issue for project: 448287
[2026-03-10 06:01:54] Requested integration_id: 9
[2026-03-10 06:01:54] Original summary: 'Test Case: /ARCHIVE/WORKING D/TESTING/ARC-989:ATM-TC105 -   2026-03-10CET05:57'
[2026-03-10 06:01:54] Original description length: 235
[2026-03-10 06:01:54] Assigned to ID: 2635
[2026-03-10 06:01:54] Executing SQL: SELECT i.* FROM custom_bugtrack_integrations i
                JOIN custom_bugtrack_project_mapping m ON i.id = m.integration_id
                WHERE m.tproject_id = 448287 AND m.integration_id = 9
                AND m.is_active = 1 AND i.is_active = 1
                LIMIT 1
[2026-03-10 06:01:54] Found integration: OBDX - REDMINE
[2026-03-10 06:01:54] Integration type: REDMINE
[2026-03-10 06:01:54] Integration URL: https://support.profinch.com
[2026-03-10 06:01:54] Creating real Redmine issue...
[2026-03-10 06:01:54] Assigned to ID: 2635
[2026-03-10 06:01:54] Added tester to description: mwaimu.mtingele
[2026-03-10 06:01:54] Adding assignee_id: 2635 to Redmine issue
[2026-03-10 06:01:54] Redmine API data: {"issue":{"project_id":"nmb-fcubs-14-7-uat2","subject":"Test Case: \/ARCHIVE\/WORKING D\/TESTING\/ARC-989:ATM-TC105 -   2026-03-10CET05:57","description":"Function ID: STSCRDMS\r\nAction: Search\r\nTest scenario: Positive test\r\nTest Data: [\r\nTESTLINK INTEGRATION TEST\r\n]\r\nExpected result: Cards > Maintenance > Card Master Summary\r\nTest result: [\r\nTESTLINK INTEGRATION TEST\r\n]\r\n\r\nTestLink URLs:\r\nTester: mwaimu.mtingele","priority_id":2,"assigned_to_id":2635}}
[2026-03-10 06:01:54] Calling Redmine API: https://support.profinch.com/issues.json
[2026-03-10 06:02:11] Redmine API HTTP Code: 201
[2026-03-10 06:02:11] Redmine API Response: {"issue":{"id":87743,"project":{"id":634,"name":"NMB FCUBS 14.7 UAT2"},"tracker":{"id":1,"name":"Bug"},"status":{"id":8,"name":"Open"},"priority":{"id":2,"name":"Normal"},"author":{"id":3319,"name":"Mwaimu Mtingele"},"assigned_to":{"id":2635,"name":"NMBBANK ICT"},"subject":"Test Case: /ARCHIVE/WORKING D/TESTING/ARC-989:ATM-TC105 -   2026-03-10CET05:57","description":"Function ID: STSCRDMS\r\nAction: Search\r\nTest scenario: Positive test\r\nTest Data: [\r\nTESTLINK INTEGRATION TEST\r\n]\r\nExpected result: Cards \u003e Maintenance \u003e Card Master Summary\r\nTest result: [\r\nTESTLINK INTEGRATION TEST\r\n]\r\n\r\nTestLink URLs:\r\nTester: mwaimu.mtingele","start_date":"2026-03-10","done_ratio":0,"custom_fields":[{"id":16,"name":"Reminders #","value":""},{"id":141,"name":"Module_NMB","value":""},{"id":142,"name":"Dependent test case count","value":""},{"id":143,"name":"Issue Classification","value":""},{"id":145,"name":"PendingOn","value":""},{"id":170,"name":"Critical for Live","value":""},{"id":181,"name":"MOS Ticket Number","value":""},{"id":182,"name":"MOS CFL","value":""}],"created_on":"2026-03-10T05:01:35Z","updated_on":"2026-03-10T05:01:35Z"}}
[2026-03-10 06:02:11] Redmine issue created successfully: ID 87743
[2026-03-10 06:02:11] Real REDMINE issue created: 87743
[2026-03-10 06:02:11] [DEBUG] cURL Error:  (errno: 0)
[2026-03-10 06:02:11] [DEBUG] HTTP Code: 200
[2026-03-10 06:02:11] [DEBUG] Raw Response: {"success":true,"message":"Issue created successfully in REDMINE","data":null,"debug":[],"issue_id":87743,"issue_url":"https:\/\/support.profinch.com\/issues\/87743"}
[2026-03-10 06:02:11] [DEBUG] REAL SUCCESS - Issue created: 87743
[2026-03-10 06:02:11] [DEBUG] LINKING BUG TO EXECUTION - Bug ID: 87743, Execution ID: 81650
[2026-03-10 06:02:11] [DEBUG] SUCCESS: Bug ID 87743 linked to execution 81650 using write_execution_bug
[2026-03-10 07:13:51] [DEBUG] DEBUG: getCustomIntegrationForProject called with tproject_id: 448287, integration_id: null
[2026-03-10 07:18:06] [DEBUG] DEBUG: getCustomIntegrationForProject called with tproject_id: 448287, integration_id: 9
[2026-03-10 07:18:09] [DEBUG] DEBUG: getCustomIntegrationForProject called with tproject_id: 448287, integration_id: 9
[2026-03-10 07:18:09] [DEBUG] REAL ISSUE CREATION ATTEMPT:
[2026-03-10 07:18:09] [DEBUG] Integration: OBDX - REDMINE (ID: 9)
[2026-03-10 07:18:09] [DEBUG] Project ID: 448287, Test Plan ID: 448288
[2026-03-10 07:18:09] [DEBUG] Test Case ID: 431176, Execution ID: 81651
[2026-03-10 07:18:09] [DEBUG] Summary: TESTLINK INTEGRATION TEST...
[2026-03-10 07:18:09] [DEBUG] Priority: Normal
[2026-03-10 07:18:09] [DEBUG] Passing selected integration_id to API: 9
[2026-03-10 07:18:09] [DEBUG] Added tester to data: mwaimu.mtingele
[2026-03-10 07:18:09] [DEBUG] Base URL: http://localhost:8086
[2026-03-10 07:18:09] [DEBUG] TL_ABS_PATH: C:\xampp\htdocs\tl-uat\
[2026-03-10 07:18:09] [DEBUG] Calling API: http://localhost:8086/lib/execute/custom_bugtrack_integrator_simple.php?action=create_issue
[2026-03-10 07:18:09] [DEBUG] Data: {"tproject_id":448287,"tplan_id":448288,"tc_id":"431176","execution_id":81651,"summary":"TESTLINK INTEGRATION TEST","description":"Function ID: STSCRDMS\r\nAction: Search\r\nTest scenario: Positive test\r\nTest Data: [\r\nTESTLINK INTEGRATION TEST\r\n]\r\nExpected result: Cards > Maintenance > Card Master Summary\r\nTest result: [\r\nTESTLINK INTEGRATION TEST\r\n]\r\n\r\nTestLink URLs:","priority":"Normal","assigned_to":2635,"testlink_urls":{"test_case":"http:\/\/localhost:8086\/lib\/testcases\/archiveData.php?tcase_id=431176","execution":"http:\/\/localhost:8086\/lib\/execute\/execSetResults.php?level=testsuite&id=448288&tcase_id=431176","test_plan":"http:\/\/localhost:8086\/lib\/plan\/planView.php?plan_id=448288","project":"http:\/\/localhost:8086\/lib\/projects\/projectView.php?project_id=448287"},"integration_id":9,"tester":"mwaimu.mtingele"}
[2026-03-10 07:18:09] [DEBUG] Executing cURL request...
[2026-03-10 07:18:09] [DEBUG] cURL URL: http://localhost:8086/lib/execute/custom_bugtrack_integrator_simple.php?action=create_issue
[2026-03-10 07:18:09] [DEBUG] cURL POST data: {"tproject_id":448287,"tplan_id":448288,"tc_id":"431176","execution_id":81651,"summary":"TESTLINK INTEGRATION TEST","description":"Function ID: STSCRDMS\r\nAction: Search\r\nTest scenario: Positive test\r\nTest Data: [\r\nTESTLINK INTEGRATION TEST\r\n]\r\nExpected result: Cards > Maintenance > Card Master Summary\r\nTest result: [\r\nTESTLINK INTEGRATION TEST\r\n]\r\n\r\nTestLink URLs:","priority":"Normal","assigned_to":2635,"testlink_urls":{"test_case":"http:\/\/localhost:8086\/lib\/testcases\/archiveData.php?tcase_id=431176","execution":"http:\/\/localhost:8086\/lib\/execute\/execSetResults.php?level=testsuite&id=448288&tcase_id=431176","test_plan":"http:\/\/localhost:8086\/lib\/plan\/planView.php?plan_id=448288","project":"http:\/\/localhost:8086\/lib\/projects\/projectView.php?project_id=448287"},"integration_id":9,"tester":"mwaimu.mtingele"}
[2026-03-10 07:18:10] === API Request Started ===
[2026-03-10 07:18:10] Request URI: /lib/execute/custom_bugtrack_integrator_simple.php?action=create_issue
[2026-03-10 07:18:10] Request method: POST
[2026-03-10 07:18:10] JSON input data: {"tproject_id":448287,"tplan_id":448288,"tc_id":"431176","execution_id":81651,"summary":"TESTLINK INTEGRATION TEST","description":"Function ID: STSCRDMS\r\nAction: Search\r\nTest scenario: Positive test\r\nTest Data: [\r\nTESTLINK INTEGRATION TEST\r\n]\r\nExpected result: Cards > Maintenance > Card Master Summary\r\nTest result: [\r\nTESTLINK INTEGRATION TEST\r\n]\r\n\r\nTestLink URLs:","priority":"Normal","assigned_to":2635,"testlink_urls":{"test_case":"http:\/\/localhost:8086\/lib\/testcases\/archiveData.php?tcase_id=431176","execution":"http:\/\/localhost:8086\/lib\/execute\/execSetResults.php?level=testsuite&id=448288&tcase_id=431176","test_plan":"http:\/\/localhost:8086\/lib\/plan\/planView.php?plan_id=448288","project":"http:\/\/localhost:8086\/lib\/projects\/projectView.php?project_id=448287"},"integration_id":9,"tester":"mwaimu.mtingele"}
[2026-03-10 07:18:10] GET data: {"action":"create_issue"}
[2026-03-10 07:18:10] Loading config.inc.php...
[2026-03-10 07:18:11] Config loaded successfully
[2026-03-10 07:18:11] Attempting database connection to tl_uat on localhost
[2026-03-10 07:18:11] Database connection successful
[2026-03-10 07:18:11] Action: create_issue
[2026-03-10 07:18:11] Creating issue for project: 448287
[2026-03-10 07:18:11] Requested integration_id: 9
[2026-03-10 07:18:11] Original summary: 'TESTLINK INTEGRATION TEST'
[2026-03-10 07:18:11] Original description length: 235
[2026-03-10 07:18:11] Assigned to ID: 2635
[2026-03-10 07:18:11] Executing SQL: SELECT i.* FROM custom_bugtrack_integrations i
                JOIN custom_bugtrack_project_mapping m ON i.id = m.integration_id
                WHERE m.tproject_id = 448287 AND m.integration_id = 9
                AND m.is_active = 1 AND i.is_active = 1
                LIMIT 1
[2026-03-10 07:18:11] Found integration: OBDX - REDMINE
[2026-03-10 07:18:11] Integration type: REDMINE
[2026-03-10 07:18:11] Integration URL: https://support.profinch.com
[2026-03-10 07:18:11] Creating real Redmine issue...
[2026-03-10 07:18:11] Assigned to ID: 2635
[2026-03-10 07:18:11] Added tester to description: mwaimu.mtingele
[2026-03-10 07:18:11] Adding assignee_id: 2635 to Redmine issue
[2026-03-10 07:18:11] Redmine API data: {"issue":{"project_id":"nmb-fcubs-14-7-uat2","subject":"TESTLINK INTEGRATION TEST","description":"Function ID: STSCRDMS\r\nAction: Search\r\nTest scenario: Positive test\r\nTest Data: [\r\nTESTLINK INTEGRATION TEST\r\n]\r\nExpected result: Cards > Maintenance > Card Master Summary\r\nTest result: [\r\nTESTLINK INTEGRATION TEST\r\n]\r\n\r\nTestLink URLs:\r\nTester: mwaimu.mtingele","priority_id":2,"assigned_to_id":2635}}
[2026-03-10 07:18:11] Calling Redmine API: https://support.profinch.com/issues.json
[2026-03-10 07:18:16] Redmine API HTTP Code: 201
[2026-03-10 07:18:16] Redmine API Response: {"issue":{"id":87752,"project":{"id":634,"name":"NMB FCUBS 14.7 UAT2"},"tracker":{"id":1,"name":"Bug"},"status":{"id":8,"name":"Open"},"priority":{"id":2,"name":"Normal"},"author":{"id":3319,"name":"Mwaimu Mtingele"},"assigned_to":{"id":2635,"name":"NMBBANK ICT"},"subject":"TESTLINK INTEGRATION TEST","description":"Function ID: STSCRDMS\r\nAction: Search\r\nTest scenario: Positive test\r\nTest Data: [\r\nTESTLINK INTEGRATION TEST\r\n]\r\nExpected result: Cards \u003e Maintenance \u003e Card Master Summary\r\nTest result: [\r\nTESTLINK INTEGRATION TEST\r\n]\r\n\r\nTestLink URLs:\r\nTester: mwaimu.mtingele","start_date":"2026-03-10","done_ratio":0,"custom_fields":[{"id":16,"name":"Reminders #","value":""},{"id":141,"name":"Module_NMB","value":""},{"id":142,"name":"Dependent test case count","value":""},{"id":143,"name":"Issue Classification","value":""},{"id":145,"name":"PendingOn","value":""},{"id":170,"name":"Critical for Live","value":""},{"id":181,"name":"MOS Ticket Number","value":""},{"id":182,"name":"MOS CFL","value":""}],"created_on":"2026-03-10T06:17:40Z","updated_on":"2026-03-10T06:17:40Z"}}
[2026-03-10 07:18:16] Redmine issue created successfully: ID 87752
[2026-03-10 07:18:16] Real REDMINE issue created: 87752
[2026-03-10 07:18:16] [DEBUG] cURL Error:  (errno: 0)
[2026-03-10 07:18:16] [DEBUG] HTTP Code: 200
[2026-03-10 07:18:16] [DEBUG] Raw Response: {"success":true,"message":"Issue created successfully in REDMINE","data":null,"debug":[],"issue_id":87752,"issue_url":"https:\/\/support.profinch.com\/issues\/87752"}
[2026-03-10 07:18:16] [DEBUG] REAL SUCCESS - Issue created: 87752
[2026-03-10 07:18:16] [DEBUG] LINKING BUG TO EXECUTION - Bug ID: 87752, Execution ID: 81651
[2026-03-10 07:18:16] [DEBUG] SUCCESS: Bug ID 87752 linked to execution 81651 using write_execution_bug
[2026-03-10 08:08:39] [DEBUG] DEBUG: getCustomIntegrationForProject called with tproject_id: 448287, integration_id: null
[2026-03-10 08:08:54] [DEBUG] DEBUG: getCustomIntegrationForProject called with tproject_id: 448287, integration_id: null
[2026-03-10 08:09:01] [DEBUG] DEBUG: getCustomIntegrationForProject called with tproject_id: 448287, integration_id: null
[2026-03-10 08:09:07] [DEBUG] DEBUG: getCustomIntegrationForProject called with tproject_id: 448287, integration_id: null
[2026-03-10 08:12:06] [DEBUG] DEBUG: getCustomIntegrationForProject called with tproject_id: 448287, integration_id: 9
[2026-03-10 08:12:07] [DEBUG] DEBUG: getCustomIntegrationForProject called with tproject_id: 448287, integration_id: 9
[2026-03-10 08:12:07] [DEBUG] REAL ISSUE CREATION ATTEMPT:
[2026-03-10 08:12:07] [DEBUG] Integration: OBDX - REDMINE (ID: 9)
[2026-03-10 08:12:07] [DEBUG] Project ID: 448287, Test Plan ID: 448288
[2026-03-10 08:12:07] [DEBUG] Test Case ID: 431176, Execution ID: 81655
[2026-03-10 08:12:07] [DEBUG] Summary: Test Case: /ARCHIVE/WORKING D/TESTING/ARC-990:ATM-TC106 -   2026-03-10CET08:09...
[2026-03-10 08:12:07] [DEBUG] Priority: Normal
[2026-03-10 08:12:07] [DEBUG] Passing selected integration_id to API: 9
[2026-03-10 08:12:07] [DEBUG] Added tester to data: mwaimu.mtingele
[2026-03-10 08:12:07] [DEBUG] Base URL: http://localhost:8086
[2026-03-10 08:12:07] [DEBUG] TL_ABS_PATH: C:\xampp\htdocs\tl-uat\
[2026-03-10 08:12:07] [DEBUG] Calling API: http://localhost:8086/lib/execute/custom_bugtrack_integrator_simple.php?action=create_issue
[2026-03-10 08:12:07] [DEBUG] Data: {"tproject_id":448287,"tplan_id":448288,"tc_id":"431176","execution_id":81655,"summary":"Test Case: \/ARCHIVE\/WORKING D\/TESTING\/ARC-990:ATM-TC106 -   2026-03-10CET08:09","description":"Function ID: STSCRDMS\r\nAction: Search\r\nTest scenario: Positive test\r\nTest Data: [\r\nTESTLINK INTEGRATION TEST\r\n]\r\nExpected result: Cards > Maintenance > Card Master Summary\r\nTest result: [\r\nTESTLINK INTEGRATION TEST\r\n]\r\n\r\nTestLink URLs:","priority":"Normal","assigned_to":2635,"testlink_urls":{"test_case":"http:\/\/localhost:8086\/lib\/testcases\/archiveData.php?tcase_id=431176","execution":"http:\/\/localhost:8086\/lib\/execute\/execSetResults.php?level=testsuite&id=448288&tcase_id=431176","test_plan":"http:\/\/localhost:8086\/lib\/plan\/planView.php?plan_id=448288","project":"http:\/\/localhost:8086\/lib\/projects\/projectView.php?project_id=448287"},"integration_id":9,"tester":"mwaimu.mtingele"}
[2026-03-10 08:12:07] [DEBUG] Executing cURL request...
[2026-03-10 08:12:07] [DEBUG] cURL URL: http://localhost:8086/lib/execute/custom_bugtrack_integrator_simple.php?action=create_issue
[2026-03-10 08:12:07] [DEBUG] cURL POST data: {"tproject_id":448287,"tplan_id":448288,"tc_id":"431176","execution_id":81655,"summary":"Test Case: \/ARCHIVE\/WORKING D\/TESTING\/ARC-990:ATM-TC106 -   2026-03-10CET08:09","description":"Function ID: STSCRDMS\r\nAction: Search\r\nTest scenario: Positive test\r\nTest Data: [\r\nTESTLINK INTEGRATION TEST\r\n]\r\nExpected result: Cards > Maintenance > Card Master Summary\r\nTest result: [\r\nTESTLINK INTEGRATION TEST\r\n]\r\n\r\nTestLink URLs:","priority":"Normal","assigned_to":2635,"testlink_urls":{"test_case":"http:\/\/localhost:8086\/lib\/testcases\/archiveData.php?tcase_id=431176","execution":"http:\/\/localhost:8086\/lib\/execute\/execSetResults.php?level=testsuite&id=448288&tcase_id=431176","test_plan":"http:\/\/localhost:8086\/lib\/plan\/planView.php?plan_id=448288","project":"http:\/\/localhost:8086\/lib\/projects\/projectView.php?project_id=448287"},"integration_id":9,"tester":"mwaimu.mtingele"}
[2026-03-10 08:12:07] === API Request Started ===
[2026-03-10 08:12:07] Request URI: /lib/execute/custom_bugtrack_integrator_simple.php?action=create_issue
[2026-03-10 08:12:07] Request method: POST
[2026-03-10 08:12:07] JSON input data: {"tproject_id":448287,"tplan_id":448288,"tc_id":"431176","execution_id":81655,"summary":"Test Case: \/ARCHIVE\/WORKING D\/TESTING\/ARC-990:ATM-TC106 -   2026-03-10CET08:09","description":"Function ID: STSCRDMS\r\nAction: Search\r\nTest scenario: Positive test\r\nTest Data: [\r\nTESTLINK INTEGRATION TEST\r\n]\r\nExpected result: Cards > Maintenance > Card Master Summary\r\nTest result: [\r\nTESTLINK INTEGRATION TEST\r\n]\r\n\r\nTestLink URLs:","priority":"Normal","assigned_to":2635,"testlink_urls":{"test_case":"http:\/\/localhost:8086\/lib\/testcases\/archiveData.php?tcase_id=431176","execution":"http:\/\/localhost:8086\/lib\/execute\/execSetResults.php?level=testsuite&id=448288&tcase_id=431176","test_plan":"http:\/\/localhost:8086\/lib\/plan\/planView.php?plan_id=448288","project":"http:\/\/localhost:8086\/lib\/projects\/projectView.php?project_id=448287"},"integration_id":9,"tester":"mwaimu.mtingele"}
[2026-03-10 08:12:07] GET data: {"action":"create_issue"}
[2026-03-10 08:12:07] Loading config.inc.php...
[2026-03-10 08:12:08] Config loaded successfully
[2026-03-10 08:12:08] Attempting database connection to tl_uat on localhost
[2026-03-10 08:12:08] Database connection successful
[2026-03-10 08:12:08] Action: create_issue
[2026-03-10 08:12:08] Creating issue for project: 448287
[2026-03-10 08:12:08] Requested integration_id: 9
[2026-03-10 08:12:08] Original summary: 'Test Case: /ARCHIVE/WORKING D/TESTING/ARC-990:ATM-TC106 -   2026-03-10CET08:09'
[2026-03-10 08:12:08] Original description length: 235
[2026-03-10 08:12:08] Assigned to ID: 2635
[2026-03-10 08:12:08] Executing SQL: SELECT i.* FROM custom_bugtrack_integrations i
                JOIN custom_bugtrack_project_mapping m ON i.id = m.integration_id
                WHERE m.tproject_id = 448287 AND m.integration_id = 9
                AND m.is_active = 1 AND i.is_active = 1
                LIMIT 1
[2026-03-10 08:12:08] Found integration: OBDX - REDMINE
[2026-03-10 08:12:08] Integration type: REDMINE
[2026-03-10 08:12:08] Integration URL: https://support.profinch.com
[2026-03-10 08:12:08] Creating real Redmine issue...
[2026-03-10 08:12:08] Assigned to ID: 2635
[2026-03-10 08:12:08] Added tester to description: mwaimu.mtingele
[2026-03-10 08:12:08] Adding assignee_id: 2635 to Redmine issue
[2026-03-10 08:12:08] Redmine API data: {"issue":{"project_id":"nmb-fcubs-14-7-uat2","subject":"Test Case: \/ARCHIVE\/WORKING D\/TESTING\/ARC-990:ATM-TC106 -   2026-03-10CET08:09","description":"Function ID: STSCRDMS\r\nAction: Search\r\nTest scenario: Positive test\r\nTest Data: [\r\nTESTLINK INTEGRATION TEST\r\n]\r\nExpected result: Cards > Maintenance > Card Master Summary\r\nTest result: [\r\nTESTLINK INTEGRATION TEST\r\n]\r\n\r\nTestLink URLs:\r\nTester: mwaimu.mtingele","priority_id":2,"assigned_to_id":2635}}
[2026-03-10 08:12:08] Calling Redmine API: https://support.profinch.com/issues.json
[2026-03-10 08:12:11] Redmine API HTTP Code: 201
[2026-03-10 08:12:11] Redmine API Response: {"issue":{"id":87763,"project":{"id":634,"name":"NMB FCUBS 14.7 UAT2"},"tracker":{"id":1,"name":"Bug"},"status":{"id":8,"name":"Open"},"priority":{"id":2,"name":"Normal"},"author":{"id":3319,"name":"Mwaimu Mtingele"},"assigned_to":{"id":2635,"name":"NMBBANK ICT"},"subject":"Test Case: /ARCHIVE/WORKING D/TESTING/ARC-990:ATM-TC106 -   2026-03-10CET08:09","description":"Function ID: STSCRDMS\r\nAction: Search\r\nTest scenario: Positive test\r\nTest Data: [\r\nTESTLINK INTEGRATION TEST\r\n]\r\nExpected result: Cards \u003e Maintenance \u003e Card Master Summary\r\nTest result: [\r\nTESTLINK INTEGRATION TEST\r\n]\r\n\r\nTestLink URLs:\r\nTester: mwaimu.mtingele","start_date":"2026-03-10","done_ratio":0,"custom_fields":[{"id":16,"name":"Reminders #","value":""},{"id":141,"name":"Module_NMB","value":""},{"id":142,"name":"Dependent test case count","value":""},{"id":143,"name":"Issue Classification","value":""},{"id":145,"name":"PendingOn","value":""},{"id":170,"name":"Critical for Live","value":""},{"id":181,"name":"MOS Ticket Number","value":""},{"id":182,"name":"MOS CFL","value":""}],"created_on":"2026-03-10T07:11:36Z","updated_on":"2026-03-10T07:11:36Z"}}
[2026-03-10 08:12:11] Redmine issue created successfully: ID 87763
[2026-03-10 08:12:11] Real REDMINE issue created: 87763
[2026-03-10 08:12:11] [DEBUG] cURL Error:  (errno: 0)
[2026-03-10 08:12:11] [DEBUG] HTTP Code: 200
[2026-03-10 08:12:11] [DEBUG] Raw Response: {"success":true,"message":"Issue created successfully in REDMINE","data":null,"debug":[],"issue_id":87763,"issue_url":"https:\/\/support.profinch.com\/issues\/87763"}
[2026-03-10 08:12:11] [DEBUG] REAL SUCCESS - Issue created: 87763
[2026-03-10 08:12:11] [DEBUG] LINKING BUG TO EXECUTION - Bug ID: 87763, Execution ID: 81655
[2026-03-10 08:12:11] [DEBUG] SUCCESS: Bug ID 87763 linked to execution 81655 using write_execution_bug
