[2025-08-04 13:11:16] INFO: Suite Execution Summary session started for user: 8
[2025-08-04 13:12:53] INFO: Suite Execution Summary session started for user: 8
[2025-08-04 13:15:35] INFO: Suite Execution Summary session started for user: 8
[2025-08-04 13:16:53] INFO: Suite Execution Summary session started for user: 8
[2025-08-04 13:16:56] INFO: Suite Execution Summary session started for user: 8
[2025-08-04 13:16:59] INFO: Suite Execution Summary session started for user: 8
[2025-08-04 13:17:02] INFO: Suite Execution Summary session started for user: 8
[2025-08-04 13:17:05] INFO: Suite Execution Summary session started for user: 8
[2025-08-04 13:17:08] INFO: Suite Execution Summary session started for user: 8
[2025-08-04 13:17:10] INFO: Suite Execution Summary session started for user: 8
[2025-08-04 13:17:13] INFO: Suite Execution Summary session started for user: 8
[2025-08-04 13:17:16] INFO: Suite Execution Summary session started for user: 8
[2025-08-04 13:17:19] INFO: Suite Execution Summary session started for user: 8
[2025-08-04 13:17:22] INFO: Suite Execution Summary session started for user: 8
[2025-08-04 13:17:25] INFO: Suite Execution Summary session started for user: 8
[2025-08-04 13:17:28] INFO: Suite Execution Summary session started for user: 8
[2025-08-04 13:17:31] INFO: Suite Execution Summary session started for user: 8
[2025-08-04 13:17:34] INFO: Suite Execution Summary session started for user: 8
[2025-08-04 13:17:36] INFO: Suite Execution Summary session started for user: 8
[2025-08-04 13:17:39] INFO: Suite Execution Summary session started for user: 8
[2025-08-04 13:17:42] INFO: Suite Execution Summary session started for user: 8
[2025-08-04 13:17:45] INFO: Suite Execution Summary session started for user: 8
[2025-08-04 13:17:48] INFO: Suite Execution Summary session started for user: 8
[2025-08-04 13:17:51] INFO: Suite Execution Summary session started for user: 8
[2025-08-04 13:17:54] INFO: Suite Execution Summary session started for user: 8
[2025-08-04 13:17:57] INFO: Suite Execution Summary session started for user: 8
[2025-08-04 13:17:59] INFO: Suite Execution Summary session started for user: 8
[2025-08-04 13:18:02] INFO: Suite Execution Summary session started for user: 8
[2025-08-04 13:18:05] INFO: Suite Execution Summary session started for user: 8
[2025-08-04 13:18:08] INFO: Suite Execution Summary session started for user: 8
[2025-08-04 13:18:11] INFO: Suite Execution Summary session started for user: 8
[2025-08-04 13:18:14] INFO: Suite Execution Summary session started for user: 8
[2025-08-04 13:18:17] INFO: Suite Execution Summary session started for user: 8
[2025-08-04 13:18:20] INFO: Suite Execution Summary session started for user: 8
[2025-08-04 13:18:23] INFO: Suite Execution Summary session started for user: 8
[2025-08-04 13:18:26] INFO: Suite Execution Summary session started for user: 8
[2025-08-04 13:18:28] INFO: Suite Execution Summary session started for user: 8
[2025-08-04 13:18:31] INFO: Suite Execution Summary session started for user: 8
[2025-08-04 13:18:34] INFO: Suite Execution Summary session started for user: 8
[2025-08-04 13:18:37] INFO: Suite Execution Summary session started for user: 8
[2025-08-04 13:18:40] INFO: Suite Execution Summary session started for user: 8
[2025-08-04 13:18:43] INFO: Suite Execution Summary session started for user: 8
[2025-08-04 13:18:46] INFO: Suite Execution Summary session started for user: 8
[2025-08-04 13:18:49] INFO: Suite Execution Summary session started for user: 8
[2025-08-04 13:18:52] INFO: Suite Execution Summary session started for user: 8
[2025-08-04 13:18:55] INFO: Suite Execution Summary session started for user: 8
[2025-08-04 13:18:57] INFO: Suite Execution Summary session started for user: 8
[2025-08-04 13:19:00] INFO: Suite Execution Summary session started for user: 8
[2025-08-04 13:19:03] INFO: Suite Execution Summary session started for user: 8
[2025-08-04 13:19:06] INFO: Suite Execution Summary session started for user: 8
[2025-08-04 13:19:09] INFO: Suite Execution Summary session started for user: 8
[2025-08-04 13:19:12] INFO: Suite Execution Summary session started for user: 8
[2025-08-04 13:19:15] INFO: Suite Execution Summary session started for user: 8
[2025-08-04 13:19:18] INFO: Suite Execution Summary session started for user: 8
[2025-08-04 13:19:21] INFO: Suite Execution Summary session started for user: 8
[2025-08-04 13:19:24] INFO: Suite Execution Summary session started for user: 8
[2025-08-04 13:19:26] INFO: Suite Execution Summary session started for user: 8
[2025-08-04 13:19:29] INFO: Suite Execution Summary session started for user: 8
[2025-08-04 13:19:32] INFO: Suite Execution Summary session started for user: 8
[2025-08-04 13:19:35] INFO: Suite Execution Summary session started for user: 8
[2025-08-04 13:19:38] INFO: Suite Execution Summary session started for user: 8
[2025-08-04 13:19:41] INFO: Suite Execution Summary session started for user: 8
[2025-08-04 13:19:44] INFO: Suite Execution Summary session started for user: 8
[2025-08-04 13:19:47] INFO: Suite Execution Summary session started for user: 8
[2025-08-04 13:19:50] INFO: Suite Execution Summary session started for user: 8
[2025-08-04 13:19:53] INFO: Suite Execution Summary session started for user: 8
[2025-08-04 13:19:55] INFO: Suite Execution Summary session started for user: 8
[2025-08-04 13:19:58] INFO: Suite Execution Summary session started for user: 8
[2025-08-04 13:20:01] INFO: Suite Execution Summary session started for user: 8
[2025-08-04 13:20:04] INFO: Suite Execution Summary session started for user: 8
[2025-08-04 13:20:07] INFO: Suite Execution Summary session started for user: 8
[2025-08-04 13:20:10] INFO: Suite Execution Summary session started for user: 8
[2025-08-04 13:20:13] INFO: Suite Execution Summary session started for user: 8
[2025-08-04 13:20:16] INFO: Suite Execution Summary session started for user: 8
[2025-08-04 13:20:19] INFO: Suite Execution Summary session started for user: 8
[2025-08-04 13:20:22] INFO: Suite Execution Summary session started for user: 8
[2025-08-04 13:20:25] INFO: Suite Execution Summary session started for user: 8
[2025-08-04 13:20:28] INFO: Suite Execution Summary session started for user: 8
[2025-08-04 13:20:32] INFO: Suite Execution Summary session started for user: 8
[2025-08-04 13:20:35] INFO: Suite Execution Summary session started for user: 8
[2025-08-04 13:20:39] INFO: Suite Execution Summary session started for user: 8
[2025-08-04 13:20:42] INFO: Suite Execution Summary session started for user: 8
[2025-08-04 13:20:46] INFO: Suite Execution Summary session started for user: 8
[2025-08-04 13:20:49] INFO: Suite Execution Summary session started for user: 8
[2025-08-04 13:20:53] INFO: Suite Execution Summary session started for user: 8
[2025-08-04 13:20:57] INFO: Suite Execution Summary session started for user: 8
[2025-08-04 13:21:00] INFO: Suite Execution Summary session started for user: 8
[2025-08-04 13:21:03] INFO: Suite Execution Summary session started for user: 8
[2025-08-04 13:21:06] INFO: Suite Execution Summary session started for user: 8
[2025-08-04 13:21:09] INFO: Suite Execution Summary session started for user: 8
[2025-08-04 13:21:12] INFO: Suite Execution Summary session started for user: 8
[2025-08-04 13:21:15] INFO: Suite Execution Summary session started for user: 8
[2025-08-04 13:21:18] INFO: Suite Execution Summary session started for user: 8
[2025-08-04 13:21:21] INFO: Suite Execution Summary session started for user: 8
[2025-08-04 13:21:24] INFO: Suite Execution Summary session started for user: 8
[2025-08-04 13:21:27] INFO: Suite Execution Summary session started for user: 8
[2025-08-04 13:21:33] INFO: Suite Execution Summary session started for user: 8
[2025-08-04 13:21:43] INFO: Suite Execution Summary session started for user: 8
[2025-08-04 13:21:48] EXPORT ERROR: Project ID is required for export
[2025-08-04 13:22:04] EXPORT ERROR: Project ID is required for export
[2025-08-05 12:39:42] INFO: Suite Execution Summary session started for user: 8
[2025-08-05 12:40:23] EXPORT ERROR: Project ID is required for export
[2025-08-05 13:59:45] INFO: Suite Execution Summary session started for user: 8
[2025-08-05 14:00:15] INFO: Suite Execution Summary session started for user: 8
[2025-08-05 14:00:23] INFO: Suite Execution Summary session started for user: 8
[2025-08-05 14:00:29] INFO: Suite Execution Summary session started for user: 8
[2025-08-05 14:00:32] EXPORT ERROR: Project ID is required for export
[2025-08-05 14:14:19] INFO: Suite Execution Summary session started for user: 8
[2025-08-05 14:56:19] INFO: Suite Execution Summary session started for user: 8
[2025-08-05 15:30:49] INFO: Suite Execution Summary session started for user: 8
[2025-08-05 15:31:00] INFO: Suite Execution Summary session started for user: 8
[2025-08-05 15:31:06] INFO: Suite Execution Summary session started for user: 8
[2025-08-05 15:31:18] INFO: Suite Execution Summary session started for user: 8
[2025-08-05 15:32:58] INFO: Suite Execution Summary session started for user: 8
[2025-08-29 09:32:23] === Suite Execution Summary Debug Session Started ===
[2025-08-29 09:32:23] PHP Version: 7.2.34
[2025-08-29 09:32:23] Current User ID: 120
[2025-08-29 09:32:23] Database object type: object
[2025-08-29 09:32:23] Database class: database
[2025-08-29 09:32:23] User permissions OK - proceeding with page logic
[2025-08-29 09:32:23] Getting test project list...
[2025-08-29 09:32:23] Successfully got 1 accessible projects
[2025-08-29 09:32:23] Filter parameters: Project=0, Plan=0, Build=0, Status=, Path=
[2025-08-29 09:32:23] No project selected, skipping testplan query
[2025-08-29 09:32:24] === Suite Execution Summary Debug Session Started ===
[2025-08-29 09:32:24] PHP Version: 7.2.34
[2025-08-29 09:32:24] Current User ID: 120
[2025-08-29 09:32:24] Database object type: object
[2025-08-29 09:32:24] Database class: database
[2025-08-29 09:32:24] User permissions OK - proceeding with page logic
[2025-08-29 09:32:24] Getting test project list...
[2025-08-29 09:32:24] Successfully got 1 accessible projects
[2025-08-29 09:32:24] Filter parameters: Project=0, Plan=0, Build=0, Status=, Path=
[2025-08-29 09:32:24] No project selected, skipping testplan query
[2025-08-29 09:32:25] INFO: Suite Execution Summary session started for user: 120
[2025-08-29 09:32:27] INFO: Suite Execution Summary session started for user: 120
[2025-08-29 09:32:29] INFO: Suite Execution Summary session started for user: 120
[2025-08-29 09:32:31] INFO: Suite Execution Summary session started for user: 120
[2025-08-29 09:32:33] INFO: Suite Execution Summary session started for user: 120
[2025-08-29 09:32:35] INFO: Suite Execution Summary session started for user: 120
[2025-08-29 09:32:36] INFO: Suite Execution Summary session started for user: 120
[2025-08-29 09:32:38] INFO: Suite Execution Summary session started for user: 120
[2025-08-29 09:32:50] INFO: Suite Execution Summary session started for user: 120
[2025-08-29 09:33:38] INFO: Suite Execution Summary session started for user: 120
[2025-08-29 09:33:49] INFO: Suite Execution Summary session started for user: 120
[2025-08-29 09:34:48] EXPORT ERROR: Project ID is required for export
[2025-09-01 08:32:27] === Suite Execution Summary Debug Session Started ===
[2025-09-01 08:32:27] PHP Version: 7.2.34
[2025-09-01 08:32:27] Current User ID: 126
[2025-09-01 08:32:27] Database object type: object
[2025-09-01 08:32:27] Database class: database
[2025-09-01 08:32:27] User permissions OK - proceeding with page logic
[2025-09-01 08:32:27] Getting test project list...
[2025-09-01 08:32:27] === Suite Execution Summary Debug Session Started ===
[2025-09-01 08:32:27] PHP Version: 7.2.34
[2025-09-01 08:32:27] Current User ID: 126
[2025-09-01 08:32:27] Database object type: object
[2025-09-01 08:32:27] Database class: database
[2025-09-01 08:32:27] User permissions OK - proceeding with page logic
[2025-09-01 08:32:27] Getting test project list...
[2025-09-01 08:32:27] Successfully got 1 accessible projects
[2025-09-01 08:32:27] Filter parameters: Project=0, Plan=0, Build=0, Status=, Path=
[2025-09-01 08:32:27] No project selected, skipping testplan query
[2025-09-01 08:32:27] Successfully got 1 accessible projects
[2025-09-01 08:32:27] Filter parameters: Project=0, Plan=0, Build=0, Status=, Path=
[2025-09-01 08:32:27] No project selected, skipping testplan query
[2025-09-01 08:33:00] INFO: Suite Execution Summary session started for user: 126
[2025-09-01 08:33:00] INFO: Suite Execution Summary session started for user: 126
[2025-09-29 07:22:08] INFO: Suite Execution Summary session started for user: 8
[2025-10-17 11:19:38] === Suite Execution Summary Debug Session Started ===
[2025-10-17 11:19:38] PHP Version: 7.2.34
[2025-10-17 11:19:38] Current User ID: 121
[2025-10-17 11:19:38] Database object type: object
[2025-10-17 11:19:38] Database class: database
[2025-10-17 11:19:38] User permissions OK - proceeding with page logic
[2025-10-17 11:19:38] Getting test project list...
[2025-10-17 11:19:38] Successfully got 2 accessible projects
[2025-10-17 11:19:38] Filter parameters: Project=0, Plan=0, Build=0, Status=, Path=
[2025-10-17 11:19:38] No project selected, skipping testplan query
[2025-10-17 11:19:39] === Suite Execution Summary Debug Session Started ===
[2025-10-17 11:19:39] PHP Version: 7.2.34
[2025-10-17 11:19:39] Current User ID: 121
[2025-10-17 11:19:39] Database object type: object
[2025-10-17 11:19:39] Database class: database
[2025-10-17 11:19:39] User permissions OK - proceeding with page logic
[2025-10-17 11:19:39] Getting test project list...
[2025-10-17 11:19:39] Successfully got 2 accessible projects
[2025-10-17 11:19:39] Filter parameters: Project=0, Plan=0, Build=0, Status=, Path=
[2025-10-17 11:19:39] No project selected, skipping testplan query
[2025-10-17 11:19:47] === Suite Execution Summary Debug Session Started ===
[2025-10-17 11:19:47] PHP Version: 7.2.34
[2025-10-17 11:19:47] Current User ID: 121
[2025-10-17 11:19:47] Database object type: object
[2025-10-17 11:19:47] Database class: database
[2025-10-17 11:19:47] User permissions OK - proceeding with page logic
[2025-10-17 11:19:47] Getting test project list...
[2025-10-17 11:19:47] Successfully got 2 accessible projects
[2025-10-17 11:19:47] Filter parameters: Project=0, Plan=0, Build=0, Status=, Path=
[2025-10-17 11:19:47] No project selected, skipping testplan query
