[2026-03-04 22:26:50] [DEBUG] handleListIntegrationsForProject called
[2026-03-04 22:26:50] [DEBUG] tproject_id from GET: 448287
[2026-03-04 22:26:50] [DEBUG] getIntegrationsForProject called with tproject_id: 448287
[2026-03-04 22:26:50] [DEBUG] SQL: SELECT i.id, i.name, i.type, i.url 
                FROM custom_bugtrack_integrations i
                INNER JOIN custom_bugtrack_project_mapping m ON m.integration_id = i.id
                WHERE m.tproject_id = 448287
                AND m.is_active = 1
                AND i.is_active = 1
                ORDER BY i.name ASC
[2026-03-04 22:26:50] [DEBUG] Found 3 integrations for project 448287
[2026-03-04 22:26:50] [DEBUG] Found 3 integrations for project 448287
[2026-03-04 22:26:50] [DEBUG] Response: {"success":true,"message":"Integrations retrieved successfully","data":null,"debug":[],"status":"ok","tproject_id":448287,"integrations":[{"id":"7","name":"Redmine1","type":"REDMINE","url":"https:\/\/support.profinch.com"},{"id":"9","name":"Redmine2","type":"REDMINE","url":"https:\/\/support.profinch.com"},{"id":"11","name":"Redmine4","type":"REDMINE","url":"https:\/\/support.profinch.com"}],"count":3,"timestamp":"2026-03-04 22:26:50"}
[2026-03-04 22:32:20] [DEBUG] handleListIntegrationsForProject called
[2026-03-04 22:32:20] [DEBUG] tproject_id from GET: 448287
[2026-03-04 22:32:20] [DEBUG] getIntegrationsForProject called with tproject_id: 448287
[2026-03-04 22:32:20] [DEBUG] SQL: SELECT i.id, i.name, i.type, i.url 
                FROM custom_bugtrack_integrations i
                INNER JOIN custom_bugtrack_project_mapping m ON m.integration_id = i.id
                WHERE m.tproject_id = 448287
                AND m.is_active = 1
                AND i.is_active = 1
                ORDER BY i.name ASC
[2026-03-04 22:32:20] [DEBUG] Found 3 integrations for project 448287
[2026-03-04 22:32:20] [DEBUG] Found 3 integrations for project 448287
[2026-03-04 22:32:20] [DEBUG] Response: {"success":true,"message":"Integrations retrieved successfully","data":null,"debug":[],"status":"ok","tproject_id":448287,"integrations":[{"id":"7","name":"Redmine1","type":"REDMINE","url":"https:\/\/support.profinch.com"},{"id":"9","name":"Redmine2","type":"REDMINE","url":"https:\/\/support.profinch.com"},{"id":"11","name":"Redmine4","type":"REDMINE","url":"https:\/\/support.profinch.com"}],"count":3,"timestamp":"2026-03-04 22:32:20"}
[2026-03-04 22:38:14] [DEBUG] handleListIntegrationsForProject called
[2026-03-04 22:38:14] [DEBUG] tproject_id from GET: 448287
[2026-03-04 22:38:14] [DEBUG] getIntegrationsForProject called with tproject_id: 448287
[2026-03-04 22:38:14] [DEBUG] SQL: SELECT i.id, i.name, i.type, i.url 
                FROM custom_bugtrack_integrations i
                INNER JOIN custom_bugtrack_project_mapping m ON m.integration_id = i.id
                WHERE m.tproject_id = 448287
                AND m.is_active = 1
                AND i.is_active = 1
                ORDER BY i.name ASC
[2026-03-04 22:38:15] [DEBUG] Found 3 integrations for project 448287
[2026-03-04 22:38:15] [DEBUG] Found 3 integrations for project 448287
[2026-03-04 22:38:15] [DEBUG] Response: {"success":true,"message":"Integrations retrieved successfully","data":null,"debug":[],"status":"ok","tproject_id":448287,"integrations":[{"id":"7","name":"Redmine1","type":"REDMINE","url":"https:\/\/support.profinch.com"},{"id":"9","name":"Redmine2","type":"REDMINE","url":"https:\/\/support.profinch.com"},{"id":"11","name":"Redmine4","type":"REDMINE","url":"https:\/\/support.profinch.com"}],"count":3,"timestamp":"2026-03-04 22:38:15"}
[2026-03-05 13:49:36] [DEBUG] handleListIntegrationsForProject called
[2026-03-05 13:49:36] [DEBUG] tproject_id from GET: 448287
[2026-03-05 13:49:36] [DEBUG] getIntegrationsForProject called with tproject_id: 448287
[2026-03-05 13:49:36] [DEBUG] SQL: SELECT i.id, i.name, i.type, i.url 
                FROM custom_bugtrack_integrations i
                INNER JOIN custom_bugtrack_project_mapping m ON m.integration_id = i.id
                WHERE m.tproject_id = 448287
                AND m.is_active = 1
                AND i.is_active = 1
                ORDER BY i.name ASC
[2026-03-05 13:49:36] [DEBUG] Found 3 integrations for project 448287
[2026-03-05 13:49:36] [DEBUG] Found 3 integrations for project 448287
[2026-03-05 13:49:36] [DEBUG] Response: {"success":true,"message":"Integrations retrieved successfully","data":null,"debug":[],"status":"ok","tproject_id":448287,"integrations":[{"id":"7","name":"Redmine1","type":"REDMINE","url":"https:\/\/support.profinch.com"},{"id":"9","name":"Redmine2","type":"REDMINE","url":"https:\/\/support.profinch.com"},{"id":"11","name":"Redmine4","type":"REDMINE","url":"https:\/\/support.profinch.com"}],"count":3,"timestamp":"2026-03-05 13:49:36"}
[2026-03-05 21:23:03] [DEBUG] handleListIntegrationsForProject called
[2026-03-05 21:23:03] [DEBUG] tproject_id from GET: 448287
[2026-03-05 21:23:03] [DEBUG] getIntegrationsForProject called with tproject_id: 448287
[2026-03-05 21:23:03] [DEBUG] SQL: SELECT i.id, i.name, i.type, i.url 
                FROM custom_bugtrack_integrations i
                INNER JOIN custom_bugtrack_project_mapping m ON m.integration_id = i.id
                WHERE m.tproject_id = 448287
                AND m.is_active = 1
                AND i.is_active = 1
                ORDER BY i.name ASC
[2026-03-05 21:23:03] [DEBUG] Found 3 integrations for project 448287
[2026-03-05 21:23:03] [DEBUG] Found 3 integrations for project 448287
[2026-03-05 21:23:03] [DEBUG] Response: {"success":true,"message":"Integrations retrieved successfully","data":null,"debug":[],"status":"ok","tproject_id":448287,"integrations":[{"id":"7","name":"Redmine1","type":"REDMINE","url":"https:\/\/support.profinch.com"},{"id":"9","name":"Redmine2","type":"REDMINE","url":"https:\/\/support.profinch.com"},{"id":"11","name":"Redmine4","type":"REDMINE","url":"https:\/\/support.profinch.com"}],"count":3,"timestamp":"2026-03-05 21:23:03"}
[2026-03-06 20:29:22] [DEBUG] handleListIntegrationsForProject called
[2026-03-06 20:29:22] [DEBUG] tproject_id from GET: 448287
[2026-03-06 20:29:22] [DEBUG] getIntegrationsForProject called with tproject_id: 448287
[2026-03-06 20:29:22] [DEBUG] SQL: SELECT i.id, i.name, i.type, i.url 
                FROM custom_bugtrack_integrations i
                INNER JOIN custom_bugtrack_project_mapping m ON m.integration_id = i.id
                WHERE m.tproject_id = 448287
                AND m.is_active = 1
                AND i.is_active = 1
                ORDER BY i.name ASC
[2026-03-06 20:29:22] [DEBUG] Found 3 integrations for project 448287
[2026-03-06 20:29:22] [DEBUG] Found 3 integrations for project 448287
[2026-03-06 20:29:22] [DEBUG] Response: {"success":true,"message":"Integrations retrieved successfully","data":null,"debug":[],"status":"ok","tproject_id":448287,"integrations":[{"id":"7","name":"Redmine1","type":"REDMINE","url":"https:\/\/support.profinch.com"},{"id":"9","name":"Redmine2","type":"REDMINE","url":"https:\/\/support.profinch.com"},{"id":"11","name":"Redmine4","type":"REDMINE","url":"https:\/\/support.profinch.com"}],"count":3,"timestamp":"2026-03-06 20:29:22"}
[2026-03-06 20:47:18] [DEBUG] handleListIntegrationsForProject called
[2026-03-06 20:47:18] [DEBUG] tproject_id from GET: 448287
[2026-03-06 20:47:18] [DEBUG] getIntegrationsForProject called with tproject_id: 448287
[2026-03-06 20:47:18] [DEBUG] SQL: SELECT i.id, i.name, i.type, i.url 
                FROM custom_bugtrack_integrations i
                INNER JOIN custom_bugtrack_project_mapping m ON m.integration_id = i.id
                WHERE m.tproject_id = 448287
                AND m.is_active = 1
                AND i.is_active = 1
                ORDER BY i.name ASC
[2026-03-06 20:47:18] [DEBUG] Found 3 integrations for project 448287
[2026-03-06 20:47:18] [DEBUG] Found 3 integrations for project 448287
[2026-03-06 20:47:18] [DEBUG] Response: {"success":true,"message":"Integrations retrieved successfully","data":null,"debug":[],"status":"ok","tproject_id":448287,"integrations":[{"id":"7","name":"Redmine1","type":"REDMINE","url":"https:\/\/support.profinch.com"},{"id":"9","name":"Redmine2","type":"REDMINE","url":"https:\/\/support.profinch.com"},{"id":"11","name":"Redmine4","type":"REDMINE","url":"https:\/\/support.profinch.com"}],"count":3,"timestamp":"2026-03-06 20:47:18"}
[2026-03-06 21:08:10] [DEBUG] handleListIntegrationsForProject called
[2026-03-06 21:08:10] [DEBUG] tproject_id from GET: 448287
[2026-03-06 21:08:10] [DEBUG] getIntegrationsForProject called with tproject_id: 448287
[2026-03-06 21:08:10] [DEBUG] SQL: SELECT i.id, i.name, i.type, i.url 
                FROM custom_bugtrack_integrations i
                INNER JOIN custom_bugtrack_project_mapping m ON m.integration_id = i.id
                WHERE m.tproject_id = 448287
                AND m.is_active = 1
                AND i.is_active = 1
                ORDER BY i.name ASC
[2026-03-06 21:08:10] [DEBUG] Found 3 integrations for project 448287
[2026-03-06 21:08:10] [DEBUG] Found 3 integrations for project 448287
[2026-03-06 21:08:10] [DEBUG] Response: {"success":true,"message":"Integrations retrieved successfully","data":null,"debug":[],"status":"ok","tproject_id":448287,"integrations":[{"id":"7","name":"Redmine1","type":"REDMINE","url":"https:\/\/support.profinch.com"},{"id":"9","name":"Redmine2","type":"REDMINE","url":"https:\/\/support.profinch.com"},{"id":"11","name":"Redmine4","type":"REDMINE","url":"https:\/\/support.profinch.com"}],"count":3,"timestamp":"2026-03-06 21:08:10"}
