[2025-08-31T18:24:14+02:00] INFO doSessionStart cookie_params lifetime=99999 path=/ domain= secure=0 httponly=1 samesite=Lax save_path=C:\xampp\tmp
[2025-08-31T18:24:14+02:00] INFO doSessionStart started sid=4fr1vc1npa49k2kt46hp9p6elb headers_sent=0
[2025-08-31T18:26:00+02:00] INFO doSessionStart cookie_params lifetime=99999 path=/ domain= secure=0 httponly=1 samesite=Lax save_path=C:\xampp\tmp
[2025-08-31T18:26:00+02:00] INFO doSessionStart started sid=4fr1vc1npa49k2kt46hp9p6elb headers_sent=0
[2025-08-31T18:26:01+02:00] INFO doSessionStart cookie_params lifetime=99999 path=/ domain= secure=0 httponly=1 samesite=Lax save_path=C:\xampp\tmp
[2025-08-31T18:26:01+02:00] INFO doSessionStart started sid=4fr1vc1npa49k2kt46hp9p6elb headers_sent=0
[2025-08-31T18:26:01+02:00] INFO doSessionStart cookie_params lifetime=99999 path=/ domain= secure=0 httponly=1 samesite=Lax save_path=C:\xampp\tmp
[2025-08-31T18:26:01+02:00] INFO doSessionStart started sid=4fr1vc1npa49k2kt46hp9p6elb headers_sent=0
[2025-08-31T18:30:20+02:00] INFO doSessionStart cookie_params lifetime=99999 path=/ domain= secure=0 httponly=1 samesite=Lax save_path=C:\xampp\tmp
[2025-08-31T18:30:20+02:00] INFO doSessionStart started sid=4fr1vc1npa49k2kt46hp9p6elb headers_sent=0
[2025-08-31T18:30:30+02:00] INFO doSessionStart cookie_params lifetime=99999 path=/ domain= secure=0 httponly=1 samesite=Lax save_path=C:\xampp\tmp
[2025-08-31T18:30:30+02:00] INFO doSessionStart started sid=4fr1vc1npa49k2kt46hp9p6elb headers_sent=0
[2025-08-31T18:32:31+02:00] INFO doSessionStart cookie_params lifetime=99999 path=/ domain= secure=0 httponly=1 samesite=Lax save_path=C:\xampp\tmp
[2025-08-31T18:32:31+02:00] INFO doSessionStart started sid=4fr1vc1npa49k2kt46hp9p6elb headers_sent=0
[2025-08-31T18:32:36+02:00] INFO doSessionStart cookie_params lifetime=99999 path=/ domain= secure=0 httponly=1 samesite=Lax save_path=C:\xampp\tmp
[2025-08-31T18:32:36+02:00] INFO doSessionStart started sid=4fr1vc1npa49k2kt46hp9p6elb headers_sent=0
[2025-08-31T18:32:36+02:00] INFO doSessionStart cookie_params lifetime=99999 path=/ domain= secure=0 httponly=1 samesite=Lax save_path=C:\xampp\tmp
[2025-08-31T18:32:36+02:00] INFO doSessionStart started sid=4fr1vc1npa49k2kt46hp9p6elb headers_sent=0
[2025-08-31T18:32:42+02:00] INFO doSessionStart cookie_params lifetime=99999 path=/ domain= secure=0 httponly=1 samesite=Lax save_path=C:\xampp\tmp
[2025-08-31T18:32:42+02:00] INFO doSessionStart started sid=4fr1vc1npa49k2kt46hp9p6elb headers_sent=0
[2025-08-31T18:34:17+02:00] INFO doSessionStart cookie_params lifetime=99999 path=/ domain= secure=0 httponly=1 samesite=Lax save_path=C:\xampp\tmp
[2025-08-31T18:34:17+02:00] INFO doSessionStart started sid=4fr1vc1npa49k2kt46hp9p6elb headers_sent=0
[2025-08-31T18:34:24+02:00] INFO doSessionStart cookie_params lifetime=99999 path=/ domain= secure=0 httponly=1 samesite=Lax save_path=C:\xampp\tmp
[2025-08-31T18:34:24+02:00] INFO doSessionStart started sid=4fr1vc1npa49k2kt46hp9p6elb headers_sent=0
[2025-08-31T18:40:37+02:00] INFO doSessionStart cookie_params lifetime=99999 path=/ domain= secure=0 httponly=1 samesite=Lax save_path=C:\xampp\tmp
[2025-08-31T18:40:37+02:00] INFO doSessionStart started sid=j9ansue85gtjub0t37nhrv0ife headers_sent=0
[2025-08-31T18:40:38+02:00] INFO doSessionStart cookie_params lifetime=99999 path=/ domain= secure=0 httponly=1 samesite=Lax save_path=C:\xampp\tmp
[2025-08-31T18:40:38+02:00] INFO doSessionStart started sid=j9ansue85gtjub0t37nhrv0ife headers_sent=0
[2025-08-31T18:40:38+02:00] INFO doSessionStart cookie_params lifetime=99999 path=/ domain= secure=0 httponly=1 samesite=Lax save_path=C:\xampp\tmp
[2025-08-31T18:40:38+02:00] INFO doSessionStart started sid=j9ansue85gtjub0t37nhrv0ife headers_sent=0
[2025-08-31T18:40:47+02:00] INFO doSessionStart cookie_params lifetime=99999 path=/ domain= secure=0 httponly=1 samesite=Lax save_path=C:\xampp\tmp
[2025-08-31T18:40:47+02:00] INFO doSessionStart started sid=4fr1vc1npa49k2kt46hp9p6elb headers_sent=0
[2025-08-31T18:47:20+02:00] INFO doSessionStart cookie_params lifetime=99999 path=/ domain= secure=0 httponly=1 samesite=Lax save_path=C:\xampp\tmp
[2025-08-31T18:47:20+02:00] INFO doSessionStart started sid=4fr1vc1npa49k2kt46hp9p6elb headers_sent=0
[2025-08-31T18:47:30+02:00] INFO doSessionStart cookie_params lifetime=99999 path=/ domain= secure=0 httponly=1 samesite=Lax save_path=C:\xampp\tmp
[2025-08-31T18:47:30+02:00] INFO doSessionStart started sid=4fr1vc1npa49k2kt46hp9p6elb headers_sent=0
[2025-08-31T18:47:39+02:00] INFO doSessionStart cookie_params lifetime=99999 path=/ domain= secure=0 httponly=1 samesite=Lax save_path=C:\xampp\tmp
[2025-08-31T18:47:39+02:00] INFO doSessionStart started sid=4fr1vc1npa49k2kt46hp9p6elb headers_sent=0
[2025-08-31T18:47:39+02:00] INFO doSessionStart cookie_params lifetime=99999 path=/ domain= secure=0 httponly=1 samesite=Lax save_path=C:\xampp\tmp
[2025-08-31T18:47:39+02:00] INFO doSessionStart started sid=4fr1vc1npa49k2kt46hp9p6elb headers_sent=0
[2025-08-31T18:47:47+02:00] INFO doSessionStart cookie_params lifetime=99999 path=/ domain= secure=0 httponly=1 samesite=Lax save_path=C:\xampp\tmp
[2025-08-31T18:47:47+02:00] INFO doSessionStart started sid=4fr1vc1npa49k2kt46hp9p6elb headers_sent=0
[2025-08-31T18:51:20+02:00] INFO doSessionStart cookie_params lifetime=99999 path=/ domain= secure=0 httponly=1 samesite=Lax save_path=C:\xampp\tmp
[2025-08-31T18:51:20+02:00] INFO doSessionStart started sid=4fr1vc1npa49k2kt46hp9p6elb headers_sent=0
[2025-08-31T18:51:48+02:00] INFO doSessionStart cookie_params lifetime=99999 path=/ domain= secure=0 httponly=1 samesite=Lax save_path=C:\xampp\tmp
[2025-08-31T18:51:48+02:00] INFO doSessionStart started sid=j9ansue85gtjub0t37nhrv0ife headers_sent=0
[2025-08-31T18:52:01+02:00] INFO doSessionStart cookie_params lifetime=99999 path=/ domain= secure=0 httponly=1 samesite=Lax save_path=C:\xampp\tmp
[2025-08-31T18:52:01+02:00] INFO doSessionStart started sid=j9ansue85gtjub0t37nhrv0ife headers_sent=0
[2025-08-31T18:52:08+02:00] INFO doSessionStart cookie_params lifetime=99999 path=/ domain= secure=0 httponly=1 samesite=Lax save_path=C:\xampp\tmp
[2025-08-31T18:52:08+02:00] INFO doSessionStart started sid=j9ansue85gtjub0t37nhrv0ife headers_sent=0
[2025-08-31T18:52:43+02:00] INFO doSessionStart cookie_params lifetime=99999 path=/ domain= secure=0 httponly=1 samesite=Lax save_path=C:\xampp\tmp
[2025-08-31T18:52:43+02:00] INFO doSessionStart started sid=4fr1vc1npa49k2kt46hp9p6elb headers_sent=0
[2025-08-31T18:52:59+02:00] INFO doSessionStart cookie_params lifetime=99999 path=/ domain= secure=0 httponly=1 samesite=Lax save_path=C:\xampp\tmp
[2025-08-31T18:52:59+02:00] INFO doSessionStart started sid=4fr1vc1npa49k2kt46hp9p6elb headers_sent=0
[2025-08-31T18:54:07+02:00] INFO doSessionStart cookie_params lifetime=99999 path=/ domain= secure=0 httponly=1 samesite=Lax save_path=C:\xampp\tmp
[2025-08-31T18:54:07+02:00] INFO doSessionStart started sid=4fr1vc1npa49k2kt46hp9p6elb headers_sent=0
[2025-08-31T18:54:07+02:00] INFO doSessionStart cookie_params lifetime=99999 path=/ domain= secure=0 httponly=1 samesite=Lax save_path=C:\xampp\tmp
[2025-08-31T18:54:07+02:00] INFO doSessionStart started sid=4fr1vc1npa49k2kt46hp9p6elb headers_sent=0
[2025-08-31T18:54:08+02:00] INFO doSessionStart cookie_params lifetime=99999 path=/ domain= secure=0 httponly=1 samesite=Lax save_path=C:\xampp\tmp
[2025-08-31T18:54:08+02:00] INFO doSessionStart started sid=4fr1vc1npa49k2kt46hp9p6elb headers_sent=0
[2025-08-31T18:54:16+02:00] INFO doSessionStart cookie_params lifetime=99999 path=/ domain= secure=0 httponly=1 samesite=Lax save_path=C:\xampp\tmp
[2025-08-31T18:54:16+02:00] INFO doSessionStart started sid=4fr1vc1npa49k2kt46hp9p6elb headers_sent=0
[2025-08-31T18:55:55+02:00] INFO doSessionStart cookie_params lifetime=99999 path=/ domain= secure=0 httponly=1 samesite=Lax save_path=C:\xampp\tmp
[2025-08-31T18:55:55+02:00] INFO doSessionStart started sid=4fr1vc1npa49k2kt46hp9p6elb headers_sent=0
[2025-08-31T19:12:00+02:00] INFO doSessionStart cookie_params lifetime=99999 path=/ domain= secure=0 httponly=1 samesite=Lax save_path=C:\xampp\tmp
[2025-08-31T19:12:00+02:00] INFO doSessionStart started sid=4fr1vc1npa49k2kt46hp9p6elb headers_sent=0
[2025-08-31T19:24:54+02:00] INFO doSessionStart cookie_params lifetime=99999 path=/ domain= secure=0 httponly=1 samesite=Lax save_path=C:\xampp\tmp
[2025-08-31T19:24:54+02:00] INFO doSessionStart started sid=4fr1vc1npa49k2kt46hp9p6elb headers_sent=0
[2025-08-31T19:24:54+02:00] INFO doSessionStart cookie_params lifetime=99999 path=/ domain= secure=0 httponly=1 samesite=Lax save_path=C:\xampp\tmp
[2025-08-31T19:24:54+02:00] INFO doSessionStart started sid=4fr1vc1npa49k2kt46hp9p6elb headers_sent=0
[2025-08-31T19:25:04+02:00] INFO doSessionStart cookie_params lifetime=99999 path=/ domain= secure=0 httponly=1 samesite=Lax save_path=C:\xampp\tmp
[2025-08-31T19:25:04+02:00] INFO doSessionStart started sid=4fr1vc1npa49k2kt46hp9p6elb headers_sent=0
[2025-08-31T19:25:49+02:00] INFO doSessionStart cookie_params lifetime=99999 path=/ domain= secure=0 httponly=1 samesite=Lax save_path=C:\xampp\tmp
[2025-08-31T19:25:49+02:00] INFO doSessionStart started sid=4fr1vc1npa49k2kt46hp9p6elb headers_sent=0
[2025-08-31T19:26:37+02:00] INFO doSessionStart cookie_params lifetime=99999 path=/ domain= secure=0 httponly=1 samesite=Lax save_path=C:\xampp\tmp
[2025-08-31T19:26:37+02:00] INFO doSessionStart started sid=4fr1vc1npa49k2kt46hp9p6elb headers_sent=0
[2025-08-31T19:31:10+02:00] INFO doSessionStart cookie_params lifetime=99999 path=/ domain= secure=0 httponly=1 samesite=Lax save_path=C:\xampp\tmp
[2025-08-31T19:31:10+02:00] INFO doSessionStart started sid=4fr1vc1npa49k2kt46hp9p6elb headers_sent=0
[2025-08-31T19:31:10+02:00] INFO doSessionStart cookie_params lifetime=99999 path=/ domain= secure=0 httponly=1 samesite=Lax save_path=C:\xampp\tmp
[2025-08-31T19:31:10+02:00] INFO doSessionStart started sid=4fr1vc1npa49k2kt46hp9p6elb headers_sent=0
[2025-08-31T19:31:26+02:00] INFO doSessionStart cookie_params lifetime=99999 path=/ domain= secure=0 httponly=1 samesite=Lax save_path=C:\xampp\tmp
[2025-08-31T19:31:26+02:00] INFO doSessionStart started sid=4fr1vc1npa49k2kt46hp9p6elb headers_sent=0
[2025-08-31T19:32:30+02:00] INFO doSessionStart cookie_params lifetime=99999 path=/ domain= secure=0 httponly=1 samesite=Lax save_path=C:\xampp\tmp
[2025-08-31T19:32:30+02:00] INFO doSessionStart started sid=4fr1vc1npa49k2kt46hp9p6elb headers_sent=0
[2025-08-31T19:32:31+02:00] INFO doSessionStart cookie_params lifetime=99999 path=/ domain= secure=0 httponly=1 samesite=Lax save_path=C:\xampp\tmp
[2025-08-31T19:32:31+02:00] INFO doSessionStart started sid=4fr1vc1npa49k2kt46hp9p6elb headers_sent=0
[2025-08-31T19:32:31+02:00] INFO doSessionStart cookie_params lifetime=99999 path=/ domain= secure=0 httponly=1 samesite=Lax save_path=C:\xampp\tmp
[2025-08-31T19:32:31+02:00] INFO doSessionStart started sid=4fr1vc1npa49k2kt46hp9p6elb headers_sent=0
[2025-08-31T19:33:37+02:00] INFO doSessionStart cookie_params lifetime=99999 path=/ domain= secure=0 httponly=1 samesite=Lax save_path=C:\xampp\tmp
[2025-08-31T19:33:37+02:00] INFO doSessionStart started sid=4fr1vc1npa49k2kt46hp9p6elb headers_sent=0
[2025-08-31T19:33:37+02:00] INFO doSessionStart cookie_params lifetime=99999 path=/ domain= secure=0 httponly=1 samesite=Lax save_path=C:\xampp\tmp
[2025-08-31T19:33:37+02:00] INFO doSessionStart started sid=4fr1vc1npa49k2kt46hp9p6elb headers_sent=0
[2025-08-31T19:33:38+02:00] INFO doSessionStart cookie_params lifetime=99999 path=/ domain= secure=0 httponly=1 samesite=Lax save_path=C:\xampp\tmp
[2025-08-31T19:33:38+02:00] INFO doSessionStart started sid=4fr1vc1npa49k2kt46hp9p6elb headers_sent=0
[2025-08-31T19:35:30+02:00] INFO doSessionStart cookie_params lifetime=99999 path=/ domain= secure=0 httponly=1 samesite=Lax save_path=C:\xampp\tmp
[2025-08-31T19:35:30+02:00] INFO doSessionStart started sid=4fr1vc1npa49k2kt46hp9p6elb headers_sent=0
[2025-08-31T19:35:37+02:00] INFO doSessionStart cookie_params lifetime=99999 path=/ domain= secure=0 httponly=1 samesite=Lax save_path=C:\xampp\tmp
[2025-08-31T19:35:37+02:00] INFO doSessionStart started sid=4fr1vc1npa49k2kt46hp9p6elb headers_sent=0
[2025-08-31T19:35:38+02:00] INFO doSessionStart cookie_params lifetime=99999 path=/ domain= secure=0 httponly=1 samesite=Lax save_path=C:\xampp\tmp
[2025-08-31T19:35:38+02:00] INFO doSessionStart started sid=4fr1vc1npa49k2kt46hp9p6elb headers_sent=0
[2025-08-31T19:35:38+02:00] INFO doSessionStart cookie_params lifetime=99999 path=/ domain= secure=0 httponly=1 samesite=Lax save_path=C:\xampp\tmp
[2025-08-31T19:35:38+02:00] INFO doSessionStart started sid=4fr1vc1npa49k2kt46hp9p6elb headers_sent=0
[2025-08-31T19:35:55+02:00] INFO doSessionStart cookie_params lifetime=99999 path=/ domain= secure=0 httponly=1 samesite=Lax save_path=C:\xampp\tmp
[2025-08-31T19:35:55+02:00] INFO doSessionStart started sid=4fr1vc1npa49k2kt46hp9p6elb headers_sent=0
[2025-08-31T19:45:42+02:00] INFO doSessionStart cookie_params lifetime=99999 path=/ domain= secure=0 httponly=1 samesite=Lax save_path=C:\xampp\tmp
[2025-08-31T19:45:42+02:00] INFO doSessionStart started sid=bvoj257e8h2cur10v97j9kd4gt headers_sent=0
[2025-08-31T19:45:42+02:00] INFO doSessionStart cookie_params lifetime=99999 path=/ domain= secure=0 httponly=1 samesite=Lax save_path=C:\xampp\tmp
[2025-08-31T19:45:42+02:00] INFO doSessionStart started sid=bvoj257e8h2cur10v97j9kd4gt headers_sent=0
[2025-08-31T19:46:10+02:00] INFO doSessionStart cookie_params lifetime=99999 path=/ domain= secure=0 httponly=1 samesite=Lax save_path=C:\xampp\tmp
[2025-08-31T19:46:10+02:00] INFO doSessionStart started sid=bvoj257e8h2cur10v97j9kd4gt headers_sent=0
[2025-08-31T19:46:10+02:00] INFO doSessionStart cookie_params lifetime=99999 path=/ domain= secure=0 httponly=1 samesite=Lax save_path=C:\xampp\tmp
[2025-08-31T19:46:10+02:00] INFO doSessionStart started sid=bvoj257e8h2cur10v97j9kd4gt headers_sent=0
[2025-08-31T19:46:10+02:00] INFO doSessionStart cookie_params lifetime=99999 path=/ domain= secure=0 httponly=1 samesite=Lax save_path=C:\xampp\tmp
[2025-08-31T19:46:10+02:00] INFO doSessionStart started sid=bvoj257e8h2cur10v97j9kd4gt headers_sent=0
[2025-08-31T19:46:34+02:00] INFO doSessionStart cookie_params lifetime=99999 path=/ domain= secure=0 httponly=1 samesite=Lax save_path=C:\xampp\tmp
[2025-08-31T19:46:34+02:00] INFO doSessionStart started sid=j9ansue85gtjub0t37nhrv0ife headers_sent=0
[2025-08-31T19:46:38+02:00] INFO doSessionStart cookie_params lifetime=99999 path=/ domain= secure=0 httponly=1 samesite=Lax save_path=C:\xampp\tmp
[2025-08-31T19:46:38+02:00] INFO doSessionStart started sid=j9ansue85gtjub0t37nhrv0ife headers_sent=0
[2025-08-31T19:47:03+02:00] INFO doSessionStart cookie_params lifetime=99999 path=/ domain= secure=0 httponly=1 samesite=Lax save_path=C:\xampp\tmp
[2025-08-31T19:47:03+02:00] INFO doSessionStart started sid=j9ansue85gtjub0t37nhrv0ife headers_sent=0
[2025-08-31T19:47:03+02:00] INFO doSessionStart cookie_params lifetime=99999 path=/ domain= secure=0 httponly=1 samesite=Lax save_path=C:\xampp\tmp
[2025-08-31T19:47:03+02:00] INFO doSessionStart started sid=j9ansue85gtjub0t37nhrv0ife headers_sent=0
[2025-08-31T19:47:04+02:00] INFO doSessionStart cookie_params lifetime=99999 path=/ domain= secure=0 httponly=1 samesite=Lax save_path=C:\xampp\tmp
[2025-08-31T19:47:04+02:00] INFO doSessionStart started sid=j9ansue85gtjub0t37nhrv0ife headers_sent=0
[2025-08-31T19:47:04+02:00] INFO doSessionStart cookie_params lifetime=99999 path=/ domain= secure=0 httponly=1 samesite=Lax save_path=C:\xampp\tmp
[2025-08-31T19:47:04+02:00] INFO doSessionStart started sid=j9ansue85gtjub0t37nhrv0ife headers_sent=0
[2025-08-31T19:47:57+02:00] INFO doSessionStart cookie_params lifetime=99999 path=/ domain= secure=0 httponly=1 samesite=Lax save_path=C:\xampp\tmp
[2025-08-31T19:47:57+02:00] INFO doSessionStart started sid=bvoj257e8h2cur10v97j9kd4gt headers_sent=0
[2025-08-31T19:48:12+02:00] INFO doSessionStart cookie_params lifetime=99999 path=/ domain= secure=0 httponly=1 samesite=Lax save_path=C:\xampp\tmp
[2025-08-31T19:48:12+02:00] INFO doSessionStart started sid=bvoj257e8h2cur10v97j9kd4gt headers_sent=0
[2025-08-31T19:48:13+02:00] INFO doSessionStart cookie_params lifetime=99999 path=/ domain= secure=0 httponly=1 samesite=Lax save_path=C:\xampp\tmp
[2025-08-31T19:48:13+02:00] INFO doSessionStart started sid=bvoj257e8h2cur10v97j9kd4gt headers_sent=0
[2025-08-31T19:48:13+02:00] INFO doSessionStart cookie_params lifetime=99999 path=/ domain= secure=0 httponly=1 samesite=Lax save_path=C:\xampp\tmp
[2025-08-31T19:48:13+02:00] INFO doSessionStart started sid=bvoj257e8h2cur10v97j9kd4gt headers_sent=0
[2025-08-31T19:48:24+02:00] INFO doSessionStart cookie_params lifetime=99999 path=/ domain= secure=0 httponly=1 samesite=Lax save_path=C:\xampp\tmp
[2025-08-31T19:48:24+02:00] INFO doSessionStart started sid=0cjpgacpbornd76k4u2ts2jcn0 headers_sent=0
[2025-08-31T19:48:25+02:00] INFO doSessionStart cookie_params lifetime=99999 path=/ domain= secure=0 httponly=1 samesite=Lax save_path=C:\xampp\tmp
[2025-08-31T19:48:25+02:00] INFO doSessionStart started sid=0cjpgacpbornd76k4u2ts2jcn0 headers_sent=0
[2025-08-31T19:48:36+02:00] INFO doSessionStart cookie_params lifetime=99999 path=/ domain= secure=0 httponly=1 samesite=Lax save_path=C:\xampp\tmp
[2025-08-31T19:48:36+02:00] INFO doSessionStart started sid=0cjpgacpbornd76k4u2ts2jcn0 headers_sent=0
[2025-08-31T19:48:36+02:00] INFO doSessionStart cookie_params lifetime=99999 path=/ domain= secure=0 httponly=1 samesite=Lax save_path=C:\xampp\tmp
[2025-08-31T19:48:36+02:00] INFO doSessionStart started sid=0cjpgacpbornd76k4u2ts2jcn0 headers_sent=0
[2025-08-31T19:48:37+02:00] INFO doSessionStart cookie_params lifetime=99999 path=/ domain= secure=0 httponly=1 samesite=Lax save_path=C:\xampp\tmp
[2025-08-31T19:48:37+02:00] INFO doSessionStart started sid=0cjpgacpbornd76k4u2ts2jcn0 headers_sent=0
[2025-08-31T19:51:41+02:00] INFO doSessionStart cookie_params lifetime=99999 path=/ domain= secure=0 httponly=1 samesite=Lax save_path=C:\xampp\tmp
[2025-08-31T19:51:41+02:00] INFO doSessionStart started sid=0cjpgacpbornd76k4u2ts2jcn0 headers_sent=0
[2025-08-31T19:51:41+02:00] INFO doSessionStart cookie_params lifetime=99999 path=/ domain= secure=0 httponly=1 samesite=Lax save_path=C:\xampp\tmp
[2025-08-31T19:51:41+02:00] INFO doSessionStart started sid=0cjpgacpbornd76k4u2ts2jcn0 headers_sent=0
[2025-08-31T19:51:41+02:00] INFO doSessionStart cookie_params lifetime=99999 path=/ domain= secure=0 httponly=1 samesite=Lax save_path=C:\xampp\tmp
[2025-08-31T19:51:41+02:00] INFO doSessionStart started sid=0cjpgacpbornd76k4u2ts2jcn0 headers_sent=0
[2025-08-31T19:51:47+02:00] INFO doSessionStart cookie_params lifetime=99999 path=/ domain= secure=0 httponly=1 samesite=Lax save_path=C:\xampp\tmp
[2025-08-31T19:51:47+02:00] INFO doSessionStart started sid=0cjpgacpbornd76k4u2ts2jcn0 headers_sent=0
[2025-08-31T19:51:48+02:00] INFO doSessionStart cookie_params lifetime=99999 path=/ domain= secure=0 httponly=1 samesite=Lax save_path=C:\xampp\tmp
[2025-08-31T19:51:48+02:00] INFO doSessionStart started sid=0cjpgacpbornd76k4u2ts2jcn0 headers_sent=0
[2025-08-31T19:51:57+02:00] INFO doSessionStart cookie_params lifetime=99999 path=/ domain= secure=0 httponly=1 samesite=Lax save_path=C:\xampp\tmp
[2025-08-31T19:51:57+02:00] INFO doSessionStart started sid=0cjpgacpbornd76k4u2ts2jcn0 headers_sent=0
[2025-08-31T19:51:58+02:00] INFO doSessionStart cookie_params lifetime=99999 path=/ domain= secure=0 httponly=1 samesite=Lax save_path=C:\xampp\tmp
[2025-08-31T19:51:58+02:00] INFO doSessionStart started sid=0cjpgacpbornd76k4u2ts2jcn0 headers_sent=0
[2025-08-31T19:51:58+02:00] INFO doSessionStart cookie_params lifetime=99999 path=/ domain= secure=0 httponly=1 samesite=Lax save_path=C:\xampp\tmp
[2025-08-31T19:51:58+02:00] INFO doSessionStart started sid=0cjpgacpbornd76k4u2ts2jcn0 headers_sent=0
[2025-08-31T19:51:58+02:00] INFO doSessionStart cookie_params lifetime=99999 path=/ domain= secure=0 httponly=1 samesite=Lax save_path=C:\xampp\tmp
[2025-08-31T19:51:58+02:00] INFO doSessionStart started sid=0cjpgacpbornd76k4u2ts2jcn0 headers_sent=0
[2025-08-31T19:52:16+02:00] INFO doSessionStart cookie_params lifetime=99999 path=/ domain= secure=0 httponly=1 samesite=Lax save_path=C:\xampp\tmp
[2025-08-31T19:52:16+02:00] INFO doSessionStart started sid=sf8pd7d8rb2db2pqsrsvnafb8d headers_sent=0
[2025-08-31T19:52:16+02:00] INFO doSessionStart cookie_params lifetime=99999 path=/ domain= secure=0 httponly=1 samesite=Lax save_path=C:\xampp\tmp
[2025-08-31T19:52:16+02:00] INFO doSessionStart started sid=sf8pd7d8rb2db2pqsrsvnafb8d headers_sent=0
[2025-08-31T19:52:26+02:00] INFO doSessionStart cookie_params lifetime=99999 path=/ domain= secure=0 httponly=1 samesite=Lax save_path=C:\xampp\tmp
[2025-08-31T19:52:26+02:00] INFO doSessionStart started sid=sf8pd7d8rb2db2pqsrsvnafb8d headers_sent=0
[2025-08-31T19:52:27+02:00] INFO doSessionStart cookie_params lifetime=99999 path=/ domain= secure=0 httponly=1 samesite=Lax save_path=C:\xampp\tmp
[2025-08-31T19:52:27+02:00] INFO doSessionStart started sid=sf8pd7d8rb2db2pqsrsvnafb8d headers_sent=0
[2025-08-31T19:52:27+02:00] INFO doSessionStart cookie_params lifetime=99999 path=/ domain= secure=0 httponly=1 samesite=Lax save_path=C:\xampp\tmp
[2025-08-31T19:52:27+02:00] INFO doSessionStart started sid=sf8pd7d8rb2db2pqsrsvnafb8d headers_sent=0
[2025-08-31T19:58:52+02:00] INFO doSessionStart cookie_params lifetime=99999 path=/ domain= secure=0 httponly=1 samesite=Lax save_path=C:\xampp\tmp
[2025-08-31T19:58:52+02:00] INFO doSessionStart started sid=bvoj257e8h2cur10v97j9kd4gt headers_sent=0
[2025-08-31T19:58:53+02:00] INFO doSessionStart cookie_params lifetime=99999 path=/ domain= secure=0 httponly=1 samesite=Lax save_path=C:\xampp\tmp
[2025-08-31T19:58:53+02:00] INFO doSessionStart started sid=bvoj257e8h2cur10v97j9kd4gt headers_sent=0
[2025-08-31T19:58:55+02:00] INFO doSessionStart cookie_params lifetime=99999 path=/ domain= secure=0 httponly=1 samesite=Lax save_path=C:\xampp\tmp
[2025-08-31T19:58:55+02:00] INFO doSessionStart started sid=bvoj257e8h2cur10v97j9kd4gt headers_sent=0
[2025-08-31T19:59:05+02:00] INFO doSessionStart cookie_params lifetime=99999 path=/ domain= secure=0 httponly=1 samesite=Lax save_path=C:\xampp\tmp
[2025-08-31T19:59:05+02:00] INFO doSessionStart started sid=bvoj257e8h2cur10v97j9kd4gt headers_sent=0
[2025-08-31T19:59:05+02:00] INFO doSessionStart cookie_params lifetime=99999 path=/ domain= secure=0 httponly=1 samesite=Lax save_path=C:\xampp\tmp
[2025-08-31T19:59:05+02:00] INFO doSessionStart started sid=bvoj257e8h2cur10v97j9kd4gt headers_sent=0
[2025-08-31T19:59:05+02:00] INFO doSessionStart cookie_params lifetime=99999 path=/ domain= secure=0 httponly=1 samesite=Lax save_path=C:\xampp\tmp
[2025-08-31T19:59:05+02:00] INFO doSessionStart started sid=bvoj257e8h2cur10v97j9kd4gt headers_sent=0
[2025-08-31T20:00:35+02:00] INFO doSessionStart cookie_params lifetime=99999 path=/ domain= secure=0 httponly=1 samesite=Lax save_path=C:\xampp\tmp
[2025-08-31T20:00:35+02:00] INFO doSessionStart started sid=sf8pd7d8rb2db2pqsrsvnafb8d headers_sent=0
[2025-08-31T20:01:05+02:00] INFO doSessionStart cookie_params lifetime=99999 path=/ domain= secure=0 httponly=1 samesite=Lax save_path=C:\xampp\tmp
[2025-08-31T20:01:05+02:00] INFO doSessionStart started sid=sf8pd7d8rb2db2pqsrsvnafb8d headers_sent=0
[2025-08-31T20:01:05+02:00] INFO doSessionStart cookie_params lifetime=99999 path=/ domain= secure=0 httponly=1 samesite=Lax save_path=C:\xampp\tmp
[2025-08-31T20:01:05+02:00] INFO doSessionStart started sid=sf8pd7d8rb2db2pqsrsvnafb8d headers_sent=0
[2025-08-31T20:01:06+02:00] INFO doSessionStart cookie_params lifetime=99999 path=/ domain= secure=0 httponly=1 samesite=Lax save_path=C:\xampp\tmp
[2025-08-31T20:01:06+02:00] INFO doSessionStart started sid=sf8pd7d8rb2db2pqsrsvnafb8d headers_sent=0
[2025-08-31T20:02:52+02:00] INFO doSessionStart cookie_params lifetime=99999 path=/ domain= secure=0 httponly=1 samesite=Lax save_path=C:\xampp\tmp
[2025-08-31T20:02:52+02:00] INFO doSessionStart started sid=sf8pd7d8rb2db2pqsrsvnafb8d headers_sent=0
[2025-08-31T20:02:53+02:00] INFO doSessionStart cookie_params lifetime=99999 path=/ domain= secure=0 httponly=1 samesite=Lax save_path=C:\xampp\tmp
[2025-08-31T20:02:53+02:00] INFO doSessionStart started sid=sf8pd7d8rb2db2pqsrsvnafb8d headers_sent=0
[2025-08-31T20:02:53+02:00] INFO doSessionStart cookie_params lifetime=99999 path=/ domain= secure=0 httponly=1 samesite=Lax save_path=C:\xampp\tmp
[2025-08-31T20:02:53+02:00] INFO doSessionStart started sid=sf8pd7d8rb2db2pqsrsvnafb8d headers_sent=0
[2025-08-31T20:13:35+02:00] INFO doSessionStart cookie_params lifetime=99999 path=/ domain= secure=0 httponly=1 samesite=Lax save_path=C:\xampp\tmp
[2025-08-31T20:13:35+02:00] INFO doSessionStart started sid=sf8pd7d8rb2db2pqsrsvnafb8d headers_sent=0
[2025-08-31T20:13:35+02:00] INFO doSessionStart cookie_params lifetime=99999 path=/ domain= secure=0 httponly=1 samesite=Lax save_path=C:\xampp\tmp
[2025-08-31T20:13:35+02:00] INFO doSessionStart started sid=sf8pd7d8rb2db2pqsrsvnafb8d headers_sent=0
[2025-08-31T20:13:36+02:00] INFO doSessionStart cookie_params lifetime=99999 path=/ domain= secure=0 httponly=1 samesite=Lax save_path=C:\xampp\tmp
[2025-08-31T20:13:36+02:00] INFO doSessionStart started sid=sf8pd7d8rb2db2pqsrsvnafb8d headers_sent=0
[2025-08-31T20:15:00+02:00] INFO doSessionStart cookie_params lifetime=99999 path=/ domain= secure=0 httponly=1 samesite=Lax save_path=C:\xampp\tmp
[2025-08-31T20:15:00+02:00] INFO doSessionStart started sid=0329e1mpce7ctbijn9fg0llbom headers_sent=0
[2025-08-31T20:15:01+02:00] INFO doSessionStart cookie_params lifetime=99999 path=/ domain= secure=0 httponly=1 samesite=Lax save_path=C:\xampp\tmp
[2025-08-31T20:15:01+02:00] INFO doSessionStart started sid=0329e1mpce7ctbijn9fg0llbom headers_sent=0
[2025-08-31T20:15:01+02:00] INFO doSessionStart cookie_params lifetime=99999 path=/ domain= secure=0 httponly=1 samesite=Lax save_path=C:\xampp\tmp
[2025-08-31T20:15:01+02:00] INFO doSessionStart started sid=0329e1mpce7ctbijn9fg0llbom headers_sent=0
[2025-08-31T20:15:26+02:00] INFO doSessionStart cookie_params lifetime=99999 path=/ domain= secure=0 httponly=1 samesite=Lax save_path=C:\xampp\tmp
[2025-08-31T20:15:26+02:00] INFO doSessionStart started sid=0329e1mpce7ctbijn9fg0llbom headers_sent=0
[2025-08-31T20:15:26+02:00] INFO doSessionStart cookie_params lifetime=99999 path=/ domain= secure=0 httponly=1 samesite=Lax save_path=C:\xampp\tmp
[2025-08-31T20:15:26+02:00] INFO doSessionStart started sid=0329e1mpce7ctbijn9fg0llbom headers_sent=0
[2025-08-31T20:15:27+02:00] INFO doSessionStart cookie_params lifetime=99999 path=/ domain= secure=0 httponly=1 samesite=Lax save_path=C:\xampp\tmp
[2025-08-31T20:15:27+02:00] INFO doSessionStart started sid=0329e1mpce7ctbijn9fg0llbom headers_sent=0
